\BOOKMARK [0][-]{chapter.1}{Les robots parall\350les \340 c\342bles}{}% 1
\BOOKMARK [1][-]{section.1.1}{Manipulateurs s\351rie et parall\350les}{chapter.1}% 2
\BOOKMARK [2][-]{subsection.1.1.1}{D\351finitions}{section.1.1}% 3
\BOOKMARK [2][-]{subsection.1.1.2}{Architectures s\351ries}{section.1.1}% 4
\BOOKMARK [2][-]{subsection.1.1.3}{Architectures parall\350les}{section.1.1}% 5
\BOOKMARK [1][-]{section.1.2}{Les manipulateurs parall\350les \340 c\342bles}{chapter.1}% 6
\BOOKMARK [2][-]{subsection.1.2.1}{Notations}{section.1.2}% 7
\BOOKMARK [2][-]{subsection.1.2.2}{Mod\350le g\351om\351trique inverse}{section.1.2}% 8
\BOOKMARK [2][-]{subsection.1.2.3}{Equilibre statique}{section.1.2}% 9
\BOOKMARK [2][-]{subsection.1.2.4}{Mod\350le g\351om\351trico-statique inverse \(ou MGSI\)}{section.1.2}% 10
\BOOKMARK [2][-]{subsection.1.2.5}{Mod\350le g\351om\351trico-statique direct}{section.1.2}% 11
\BOOKMARK [2][-]{subsection.1.2.6}{Mod\350le cin\351matique}{section.1.2}% 12
\BOOKMARK [1][-]{section.1.3}{Les robots N-1}{chapter.1}% 13
\BOOKMARK [2][-]{subsection.1.3.1}{Mod\350les g\351om\351triques}{section.1.3}% 14
\BOOKMARK [2][-]{subsection.1.3.2}{Marionet-Assist}{section.1.3}% 15
\BOOKMARK [1][-]{section.1.4}{Conclusion}{chapter.1}% 16
\BOOKMARK [0][-]{chapter.2}{Asservissement visuel}{}% 17
\BOOKMARK [1][-]{section.2.1}{Mod\350les de capteurs et projections}{chapter.2}% 18
\BOOKMARK [2][-]{subsection.2.1.1}{De l'oeil \340 la cam\351ra}{section.2.1}% 19
\BOOKMARK [2][-]{subsection.2.1.2}{De la sc\350ne \340 l'image}{section.2.1}% 20
\BOOKMARK [1][-]{section.2.2}{Modalit\351s d'asservissement visuel}{chapter.2}% 21
\BOOKMARK [2][-]{subsection.2.2.1}{Positionnement de la cam\351ra}{section.2.2}% 22
\BOOKMARK [2][-]{subsection.2.2.2}{Asservissements en position, bas\351s images et hybrides}{section.2.2}% 23
\BOOKMARK [2][-]{subsection.2.2.3}{Justification des choix de configuration dans le cadre de notre \351tude}{section.2.2}% 24
\BOOKMARK [1][-]{section.2.3}{D\351termination du sch\351ma de consigne}{chapter.2}% 25
\BOOKMARK [2][-]{subsection.2.3.1}{Construction de la loi de commande}{section.2.3}% 26
\BOOKMARK [2][-]{subsection.2.3.2}{Exemple de matrice d'interaction : le point}{section.2.3}% 27
\BOOKMARK [1][-]{section.2.4}{Asservissement visuel des robots parall\350les \340 c\342bles}{chapter.2}% 28
\BOOKMARK [1][-]{section.2.5}{Conclusions}{chapter.2}% 29
